[0.099s] Invoking command in '/home/moonly/fpv_ros2_workspace/build/position_trans': CMAKE_PREFIX_PATH=${CMAKE_PREFIX_PATH}:/opt/ros/foxy _=/usr/bin/env /usr/bin/cmake /home/moonly/fpv_ros2_workspace/src/position_trans -DCMAKE_INSTALL_PREFIX=/home/moonly/fpv_ros2_workspace/install/position_trans
[0.164s] -- Found ament_cmake: 0.9.12 (/opt/ros/foxy/share/ament_cmake/cmake)
[0.190s] -- Using PYTHON_EXECUTABLE: /usr/bin/python3
[0.889s] -- Found ament_lint_auto: 0.9.8 (/opt/ros/foxy/share/ament_lint_auto/cmake)
[1.147s] -- Found rclcpp: 2.4.3 (/opt/ros/foxy/share/rclcpp/cmake)
[1.221s] -- Using all available rosidl_typesupport_c: rosidl_typesupport_fastrtps_c;rosidl_typesupport_introspection_c
[1.225s] -- Found rosidl_adapter: 1.3.1 (/opt/ros/foxy/share/rosidl_adapter/cmake)
[1.559s] -- Using all available rosidl_typesupport_cpp: rosidl_typesupport_fastrtps_cpp;rosidl_typesupport_introspection_cpp
[1.758s] -- Found rmw_implementation_cmake: 1.0.4 (/opt/ros/foxy/share/rmw_implementation_cmake/cmake)
[1.780s] -- Using RMW implementation 'rmw_fastrtps_cpp' as default
[2.252s] -- Found geometry_msgs: 2.0.5 (/opt/ros/foxy/share/geometry_msgs/cmake)
[2.361s] -- Found sensor_msgs: 2.0.5 (/opt/ros/foxy/share/sensor_msgs/cmake)
[2.521s] -- Found fpv_msgs: 0.0.0 (/home/moonly/fpv_ros2_workspace/install/fpv_msgs/share/fpv_msgs/cmake)
[2.539s] -- Found OpenCV: /usr/local (found version "4.9.0") 
[2.555s] -- Added test 'copyright' to check source files copyright and LICENSE
[2.556s] -- Added test 'cppcheck' to perform static code analysis on C / C++ code
[2.556s] -- Configured cppcheck include dirs: /home/moonly/fpv_ros2_workspace/src/position_trans/include
[2.556s] -- Configured cppcheck exclude dirs and/or files: 
[2.557s] -- Added test 'cpplint' to check C / C++ code against the Google style
[2.557s] -- Configured cpplint exclude dirs and/or files: 
[2.558s] -- Added test 'lint_cmake' to check CMake code style
[2.560s] -- Added test 'uncrustify' to check C / C++ code style
[2.560s] -- Configured uncrustify additional arguments: 
[2.560s] -- Added test 'xmllint' to check XML markup files
[2.569s] -- Configuring done
[2.586s] -- Generating done
[2.588s] -- Build files have been written to: /home/moonly/fpv_ros2_workspace/build/position_trans
[2.602s] Invoked command in '/home/moonly/fpv_ros2_workspace/build/position_trans' returned '0': CMAKE_PREFIX_PATH=${CMAKE_PREFIX_PATH}:/opt/ros/foxy _=/usr/bin/env /usr/bin/cmake /home/moonly/fpv_ros2_workspace/src/position_trans -DCMAKE_INSTALL_PREFIX=/home/moonly/fpv_ros2_workspace/install/position_trans
[2.605s] Invoking command in '/home/moonly/fpv_ros2_workspace/build/position_trans': CMAKE_PREFIX_PATH=${CMAKE_PREFIX_PATH}:/opt/ros/foxy _=/usr/bin/env /usr/bin/cmake --build /home/moonly/fpv_ros2_workspace/build/position_trans -- -j8 -l8
[2.653s] [35m[1mScanning dependencies of target position_trans[0m
[2.739s] [ 50%] [32mBuilding CXX object CMakeFiles/position_trans.dir/src/Position_trans.cpp.o[0m
[5.934s] In file included from [01m[K/home/moonly/fpv_ros2_workspace/src/position_trans/src/Position_trans.cpp:2[m[K:
[5.934s] [01m[K/home/moonly/fpv_ros2_workspace/src/position_trans/include/Position_trans.hpp:57:31:[m[K [01;31m[Kerror: [m[Kâ€˜[01m[KTemp[m[Kâ€™ in namespace â€˜[01m[Kfpv_msgs::msg[m[Kâ€™ does not name a type
[5.934s]    57 | void sub(const fpv_msgs::msg::[01;31m[KTemp[m[K::SharedPtr msg)
[5.934s]       |                               [01;31m[K^~~~[m[K
[5.937s] [01m[K/home/moonly/fpv_ros2_workspace/src/position_trans/include/Position_trans.hpp:57:47:[m[K [01;31m[Kerror: [m[Kexpected unqualified-id before â€˜[01m[Kmsg[m[Kâ€™
[5.937s]    57 | void sub(const fpv_msgs::msg::Temp::SharedPtr [01;31m[Kmsg[m[K)
[5.937s]       |                                               [01;31m[K^~~[m[K
[5.938s] [01m[K/home/moonly/fpv_ros2_workspace/src/position_trans/include/Position_trans.hpp:57:46:[m[K [01;31m[Kerror: [m[Kexpected â€˜[01m[K)[m[Kâ€™ before â€˜[01m[Kmsg[m[Kâ€™
[5.938s]    57 | void sub[34m[K([m[Kconst fpv_msgs::msg::Temp::SharedPtr[01;31m[K [m[K[32m[Kmsg[m[K)
[5.938s]       |         [34m[K~[m[K                                    [01;31m[K^[m[K[32m[K~~~[m[K
[5.938s]       |                                              [32m[K)[m[K
[5.938s] [01m[K/home/moonly/fpv_ros2_workspace/src/position_trans/include/Position_trans.hpp:57:47:[m[K [01;31m[Kerror: [m[Kexpected initializer before â€˜[01m[Kmsg[m[Kâ€™
[5.938s]    57 | void sub(const fpv_msgs::msg::Temp::SharedPtr [01;31m[Kmsg[m[K)
[5.938s]       |                                               [01;31m[K^~~[m[K
[5.945s] [01m[K/home/moonly/fpv_ros2_workspace/src/position_trans/src/Position_trans.cpp:[m[K In function â€˜[01m[Kint main(int, char**)[m[Kâ€™:
[5.945s] [01m[K/home/moonly/fpv_ros2_workspace/src/position_trans/src/Position_trans.cpp:16:57:[m[K [01;31m[Kerror: [m[Kâ€˜[01m[KTemp[m[Kâ€™ is not a member of â€˜[01m[Kfpv_msgs::msg[m[Kâ€™
[5.945s]    16 |     auto sub = node->create_subscription<fpv_msgs::msg::[01;31m[KTemp[m[K>("/in",10, sub);
[5.945s]       |                                                         [01;31m[K^~~~[m[K
[5.946s] [01m[K/home/moonly/fpv_ros2_workspace/src/position_trans/src/Position_trans.cpp:16:57:[m[K [01;31m[Kerror: [m[Kâ€˜[01m[KTemp[m[Kâ€™ is not a member of â€˜[01m[Kfpv_msgs::msg[m[Kâ€™
[5.946s] [01m[K/home/moonly/fpv_ros2_workspace/src/position_trans/src/Position_trans.cpp:16:73:[m[K [01;31m[Kerror: [m[Kuse of â€˜[01m[Ksub[m[Kâ€™ before deduction of â€˜[01m[Kauto[m[Kâ€™
[5.946s]    16 |     auto sub = node->create_subscription<fpv_msgs::msg::Temp>("/in",10, [01;31m[Ksub[m[K);
[5.947s]       |                                                                         [01;31m[K^~~[m[K
[7.549s] make[2]: *** [CMakeFiles/position_trans.dir/build.make:63ï¼šCMakeFiles/position_trans.dir/src/Position_trans.cpp.o] é”™è¯¯ 1
[7.550s] make[1]: *** [CMakeFiles/Makefile2:78ï¼šCMakeFiles/position_trans.dir/all] é”™è¯¯ 2
[7.550s] make: *** [Makefile:141ï¼šall] é”™è¯¯ 2
[7.552s] Invoked command in '/home/moonly/fpv_ros2_workspace/build/position_trans' returned '2': CMAKE_PREFIX_PATH=${CMAKE_PREFIX_PATH}:/opt/ros/foxy _=/usr/bin/env /usr/bin/cmake --build /home/moonly/fpv_ros2_workspace/build/position_trans -- -j8 -l8
