In file included from [01m[K/home/moonly/fpv_ros2_workspace/src/pwm_trans/src/Pwm_trans.cpp:3[m[K:
[01m[K/home/moonly/fpv_ros2_workspace/src/pwm_trans/include/trans.hpp:[m[K In function â€˜[01m[Kvoid speed_get_Callback(fpv_msgs::msg::MoonlyFpv_<std::allocator<void> >::SharedPtr)[m[Kâ€™:
[01m[K/home/moonly/fpv_ros2_workspace/src/pwm_trans/include/trans.hpp:34:5:[m[K [01;31m[Kerror: [m[Kâ€˜[01m[Kpwm_trans[m[Kâ€™ was not declared in this scope; did you mean â€˜[01m[Kwctrans[m[Kâ€™?
   34 |     [01;31m[Kpwm_trans[m[K();
      |     [01;31m[K^~~~~~~~~[m[K
      |     [32m[Kwctrans[m[K
make[2]: *** [CMakeFiles/pwm_trans.dir/build.make:63ï¼šCMakeFiles/pwm_trans.dir/src/Pwm_trans.cpp.o] é”™è¯¯ 1
make[1]: *** [CMakeFiles/Makefile2:78ï¼šCMakeFiles/pwm_trans.dir/all] é”™è¯¯ 2
make: *** [Makefile:141ï¼šall] é”™è¯¯ 2
