[0.012s] Invoking command in '/home/moonly/fpv_ros2_workspace/build/pwm_trans': CMAKE_PREFIX_PATH=${CMAKE_PREFIX_PATH}:/opt/ros/foxy _=/usr/bin/env /usr/bin/cmake --build /home/moonly/fpv_ros2_workspace/build/pwm_trans -- -j8 -l8
[0.055s] [35m[1mScanning dependencies of target pwm_trans[0m
[0.077s] [ 50%] [32mBuilding CXX object CMakeFiles/pwm_trans.dir/src/Pwm_trans.cpp.o[0m
[1.120s] In file included from [01m[K/home/moonly/fpv_ros2_workspace/src/pwm_trans/src/Pwm_trans.cpp:3[m[K:
[1.120s] [01m[K/home/moonly/fpv_ros2_workspace/src/pwm_trans/include/trans.hpp:[m[K In function â€˜[01m[Kvoid speed_get_Callback(fpv_msgs::msg::MoonlyFpv_<std::allocator<void> >::SharedPtr)[m[Kâ€™:
[1.120s] [01m[K/home/moonly/fpv_ros2_workspace/src/pwm_trans/include/trans.hpp:34:5:[m[K [01;31m[Kerror: [m[Kâ€˜[01m[Kpwm_trans[m[Kâ€™ was not declared in this scope; did you mean â€˜[01m[Kwctrans[m[Kâ€™?
[1.121s]    34 |     [01;31m[Kpwm_trans[m[K();
[1.121s]       |     [01;31m[K^~~~~~~~~[m[K
[1.121s]       |     [32m[Kwctrans[m[K
[2.406s] make[2]: *** [CMakeFiles/pwm_trans.dir/build.make:63ï¼šCMakeFiles/pwm_trans.dir/src/Pwm_trans.cpp.o] é”™è¯¯ 1
[2.406s] make[1]: *** [CMakeFiles/Makefile2:78ï¼šCMakeFiles/pwm_trans.dir/all] é”™è¯¯ 2
[2.406s] make: *** [Makefile:141ï¼šall] é”™è¯¯ 2
[2.407s] Invoked command in '/home/moonly/fpv_ros2_workspace/build/pwm_trans' returned '2': CMAKE_PREFIX_PATH=${CMAKE_PREFIX_PATH}:/opt/ros/foxy _=/usr/bin/env /usr/bin/cmake --build /home/moonly/fpv_ros2_workspace/build/pwm_trans -- -j8 -l8
