[0.092s] Invoking command in '/home/moonly/fpv_ros2_workspace/build/position_trans': CMAKE_PREFIX_PATH=${CMAKE_PREFIX_PATH}:/opt/ros/foxy _=/usr/bin/env /usr/bin/cmake --build /home/moonly/fpv_ros2_workspace/build/position_trans -- -j8 -l8
[0.213s] [ 50%] [32mBuilding CXX object CMakeFiles/position_trans.dir/src/Position_trans.cpp.o[0m
[2.351s] In file included from [01m[K/home/moonly/fpv_ros2_workspace/src/position_trans/src/Position_trans.cpp:2[m[K:
[2.351s] [01m[K/home/moonly/fpv_ros2_workspace/src/position_trans/include/Position_trans.hpp:57:31:[m[K [01;31m[Kerror: [m[Kâ€˜[01m[KTemp[m[Kâ€™ in namespace â€˜[01m[Kfpv_msgs::msg[m[Kâ€™ does not name a type
[2.352s]    57 | void sub(const fpv_msgs::msg::[01;31m[KTemp[m[K::SharedPtr msg)
[2.352s]       |                               [01;31m[K^~~~[m[K
[2.352s] [01m[K/home/moonly/fpv_ros2_workspace/src/position_trans/include/Position_trans.hpp:57:47:[m[K [01;31m[Kerror: [m[Kexpected unqualified-id before â€˜[01m[Kmsg[m[Kâ€™
[2.352s]    57 | void sub(const fpv_msgs::msg::Temp::SharedPtr [01;31m[Kmsg[m[K)
[2.352s]       |                                               [01;31m[K^~~[m[K
[2.352s] [01m[K/home/moonly/fpv_ros2_workspace/src/position_trans/include/Position_trans.hpp:57:46:[m[K [01;31m[Kerror: [m[Kexpected â€˜[01m[K)[m[Kâ€™ before â€˜[01m[Kmsg[m[Kâ€™
[2.352s]    57 | void sub[34m[K([m[Kconst fpv_msgs::msg::Temp::SharedPtr[01;31m[K [m[K[32m[Kmsg[m[K)
[2.352s]       |         [34m[K~[m[K                                    [01;31m[K^[m[K[32m[K~~~[m[K
[2.352s]       |                                              [32m[K)[m[K
[2.352s] [01m[K/home/moonly/fpv_ros2_workspace/src/position_trans/include/Position_trans.hpp:57:47:[m[K [01;31m[Kerror: [m[Kexpected initializer before â€˜[01m[Kmsg[m[Kâ€™
[2.352s]    57 | void sub(const fpv_msgs::msg::Temp::SharedPtr [01;31m[Kmsg[m[K)
[2.352s]       |                                               [01;31m[K^~~[m[K
[2.359s] [01m[K/home/moonly/fpv_ros2_workspace/src/position_trans/src/Position_trans.cpp:[m[K In function â€˜[01m[Kint main(int, char**)[m[Kâ€™:
[2.359s] [01m[K/home/moonly/fpv_ros2_workspace/src/position_trans/src/Position_trans.cpp:16:57:[m[K [01;31m[Kerror: [m[Kâ€˜[01m[KTemp[m[Kâ€™ is not a member of â€˜[01m[Kfpv_msgs::msg[m[Kâ€™
[2.359s]    16 |     auto sub = node->create_subscription<fpv_msgs::msg::[01;31m[KTemp[m[K>("/in",10, sub);
[2.360s]       |                                                         [01;31m[K^~~~[m[K
[2.360s] [01m[K/home/moonly/fpv_ros2_workspace/src/position_trans/src/Position_trans.cpp:16:57:[m[K [01;31m[Kerror: [m[Kâ€˜[01m[KTemp[m[Kâ€™ is not a member of â€˜[01m[Kfpv_msgs::msg[m[Kâ€™
[2.360s] [01m[K/home/moonly/fpv_ros2_workspace/src/position_trans/src/Position_trans.cpp:16:73:[m[K [01;31m[Kerror: [m[Kuse of â€˜[01m[Ksub[m[Kâ€™ before deduction of â€˜[01m[Kauto[m[Kâ€™
[2.360s]    16 |     auto sub = node->create_subscription<fpv_msgs::msg::Temp>("/in",10, [01;31m[Ksub[m[K);
[2.360s]       |                                                                         [01;31m[K^~~[m[K
[3.227s] make[2]: *** [CMakeFiles/position_trans.dir/build.make:63ï¼šCMakeFiles/position_trans.dir/src/Position_trans.cpp.o] é”™è¯¯ 1
[3.227s] make[1]: *** [CMakeFiles/Makefile2:78ï¼šCMakeFiles/position_trans.dir/all] é”™è¯¯ 2
[3.227s] make: *** [Makefile:141ï¼šall] é”™è¯¯ 2
[3.228s] Invoked command in '/home/moonly/fpv_ros2_workspace/build/position_trans' returned '2': CMAKE_PREFIX_PATH=${CMAKE_PREFIX_PATH}:/opt/ros/foxy _=/usr/bin/env /usr/bin/cmake --build /home/moonly/fpv_ros2_workspace/build/position_trans -- -j8 -l8
