In file included from [01m[K/home/moonly/fpv_ros2_workspace/src/manual_control/src/Manual_control.cpp:3[m[K:
[01m[K/home/moonly/fpv_ros2_workspace/src/manual_control/include/Manual_control.hpp:[m[K In function â€˜[01m[Kvoid getkey_thread_func()[m[Kâ€™:
[01m[K/home/moonly/fpv_ros2_workspace/src/manual_control/include/Manual_control.hpp:116:13:[m[K [01;31m[Kerror: [m[Kâ€˜[01m[Kprint_info[m[Kâ€™ was not declared in this scope; did you mean â€˜[01m[Kpsiginfo[m[Kâ€™?
  116 |             [01;31m[Kprint_info[m[K();
      |             [01;31m[K^~~~~~~~~~[m[K
      |             [32m[Kpsiginfo[m[K
make[2]: *** [CMakeFiles/manual_control.dir/build.make:63ï¼šCMakeFiles/manual_control.dir/src/Manual_control.cpp.o] é”™è¯¯ 1
make[1]: *** [CMakeFiles/Makefile2:78ï¼šCMakeFiles/manual_control.dir/all] é”™è¯¯ 2
make: *** [Makefile:141ï¼šall] é”™è¯¯ 2
