[0.086s] Invoking command in '/home/moonly/fpv_ros2_workspace/build/manual_control': CMAKE_PREFIX_PATH=${CMAKE_PREFIX_PATH}:/opt/ros/foxy _=/usr/bin/env /usr/bin/cmake --build /home/moonly/fpv_ros2_workspace/build/manual_control -- -j8 -l8
[0.144s] [35m[1mScanning dependencies of target manual_control[0m
[0.195s] [ 50%] [32mBuilding CXX object CMakeFiles/manual_control.dir/src/Manual_control.cpp.o[0m
[1.890s] In file included from [01m[K/home/moonly/fpv_ros2_workspace/src/manual_control/src/Manual_control.cpp:3[m[K:
[1.890s] [01m[K/home/moonly/fpv_ros2_workspace/src/manual_control/include/Manual_control.hpp:[m[K In function â€˜[01m[Kvoid getkey_thread_func()[m[Kâ€™:
[1.890s] [01m[K/home/moonly/fpv_ros2_workspace/src/manual_control/include/Manual_control.hpp:116:13:[m[K [01;31m[Kerror: [m[Kâ€˜[01m[Kprint_info[m[Kâ€™ was not declared in this scope; did you mean â€˜[01m[Kpsiginfo[m[Kâ€™?
[1.890s]   116 |             [01;31m[Kprint_info[m[K();
[1.890s]       |             [01;31m[K^~~~~~~~~~[m[K
[1.890s]       |             [32m[Kpsiginfo[m[K
[2.911s] make[2]: *** [CMakeFiles/manual_control.dir/build.make:63ï¼šCMakeFiles/manual_control.dir/src/Manual_control.cpp.o] é”™è¯¯ 1
[2.912s] make[1]: *** [CMakeFiles/Makefile2:78ï¼šCMakeFiles/manual_control.dir/all] é”™è¯¯ 2
[2.912s] make: *** [Makefile:141ï¼šall] é”™è¯¯ 2
[2.915s] Invoked command in '/home/moonly/fpv_ros2_workspace/build/manual_control' returned '2': CMAKE_PREFIX_PATH=${CMAKE_PREFIX_PATH}:/opt/ros/foxy _=/usr/bin/env /usr/bin/cmake --build /home/moonly/fpv_ros2_workspace/build/manual_control -- -j8 -l8
