[0.020s] Invoking command in '/home/moonly/fpv_ros2_workspace/build/position_trans': CMAKE_PREFIX_PATH=${CMAKE_PREFIX_PATH}:/opt/ros/foxy _=/usr/bin/env /usr/bin/cmake --build /home/moonly/fpv_ros2_workspace/build/position_trans -- -j8 -l8
[0.040s] -- Found ament_cmake: 0.9.12 (/opt/ros/foxy/share/ament_cmake/cmake)
[0.061s] -- Using PYTHON_EXECUTABLE: /usr/bin/python3
[0.206s] -- Found ament_lint_auto: 0.9.8 (/opt/ros/foxy/share/ament_lint_auto/cmake)
[0.273s] -- Found rclcpp: 2.4.3 (/opt/ros/foxy/share/rclcpp/cmake)
[0.311s] -- Using all available rosidl_typesupport_c: rosidl_typesupport_fastrtps_c;rosidl_typesupport_introspection_c
[0.314s] -- Found rosidl_adapter: 1.3.1 (/opt/ros/foxy/share/rosidl_adapter/cmake)
[0.416s] -- Using all available rosidl_typesupport_cpp: rosidl_typesupport_fastrtps_cpp;rosidl_typesupport_introspection_cpp
[0.453s] -- Found rmw_implementation_cmake: 1.0.4 (/opt/ros/foxy/share/rmw_implementation_cmake/cmake)
[0.454s] -- Using RMW implementation 'rmw_fastrtps_cpp' as default
[0.549s] -- Found geometry_msgs: 2.0.5 (/opt/ros/foxy/share/geometry_msgs/cmake)
[0.572s] -- Found sensor_msgs: 2.0.5 (/opt/ros/foxy/share/sensor_msgs/cmake)
[0.623s] -- Found fpv_msgs: 0.0.0 (/home/moonly/fpv_ros2_workspace/install/fpv_msgs/share/fpv_msgs/cmake)
[0.635s] -- Added test 'copyright' to check source files copyright and LICENSE
[0.635s] -- Added test 'cppcheck' to perform static code analysis on C / C++ code
[0.636s] -- Configured cppcheck include dirs: /home/moonly/fpv_ros2_workspace/src/position_trans/include
[0.636s] -- Configured cppcheck exclude dirs and/or files: 
[0.636s] -- Added test 'cpplint' to check C / C++ code against the Google style
[0.636s] -- Configured cpplint exclude dirs and/or files: 
[0.637s] -- Added test 'lint_cmake' to check CMake code style
[0.637s] -- Added test 'uncrustify' to check C / C++ code style
[0.638s] -- Configured uncrustify additional arguments: 
[0.638s] -- Added test 'xmllint' to check XML markup files
[0.641s] -- Configuring done
[0.651s] -- Generating done
[0.652s] -- Build files have been written to: /home/moonly/fpv_ros2_workspace/build/position_trans
[0.677s] [35m[1mScanning dependencies of target position_trans[0m
[0.703s] [ 50%] [32mBuilding CXX object CMakeFiles/position_trans.dir/src/Position_trans.cpp.o[0m
[2.500s] In file included from [01m[K/home/moonly/fpv_ros2_workspace/src/position_trans/src/Position_trans.cpp:2[m[K:
[2.500s] [01m[K/home/moonly/fpv_ros2_workspace/src/position_trans/include/Position_trans.hpp:57:31:[m[K [01;31m[Kerror: [m[Kâ€˜[01m[KTempMsg[m[Kâ€™ in namespace â€˜[01m[Kfpv_msgs::msg[m[Kâ€™ does not name a type
[2.500s]    57 | void sub(const fpv_msgs::msg::[01;31m[KTempMsg[m[K::SharedPtr msg)
[2.500s]       |                               [01;31m[K^~~~~~~[m[K
[2.500s] [01m[K/home/moonly/fpv_ros2_workspace/src/position_trans/include/Position_trans.hpp:57:50:[m[K [01;31m[Kerror: [m[Kexpected unqualified-id before â€˜[01m[Kmsg[m[Kâ€™
[2.500s]    57 | void sub(const fpv_msgs::msg::TempMsg::SharedPtr [01;31m[Kmsg[m[K)
[2.500s]       |                                                  [01;31m[K^~~[m[K
[2.500s] [01m[K/home/moonly/fpv_ros2_workspace/src/position_trans/include/Position_trans.hpp:57:49:[m[K [01;31m[Kerror: [m[Kexpected â€˜[01m[K)[m[Kâ€™ before â€˜[01m[Kmsg[m[Kâ€™
[2.500s]    57 | void sub[34m[K([m[Kconst fpv_msgs::msg::TempMsg::SharedPtr[01;31m[K [m[K[32m[Kmsg[m[K)
[2.500s]       |         [34m[K~[m[K                                       [01;31m[K^[m[K[32m[K~~~[m[K
[2.500s]       |                                                 [32m[K)[m[K
[2.500s] [01m[K/home/moonly/fpv_ros2_workspace/src/position_trans/include/Position_trans.hpp:57:50:[m[K [01;31m[Kerror: [m[Kexpected initializer before â€˜[01m[Kmsg[m[Kâ€™
[2.500s]    57 | void sub(const fpv_msgs::msg::TempMsg::SharedPtr [01;31m[Kmsg[m[K)
[2.500s]       |                                                  [01;31m[K^~~[m[K
[2.505s] [01m[K/home/moonly/fpv_ros2_workspace/src/position_trans/src/Position_trans.cpp:[m[K In function â€˜[01m[Kint main(int, char**)[m[Kâ€™:
[2.505s] [01m[K/home/moonly/fpv_ros2_workspace/src/position_trans/src/Position_trans.cpp:16:57:[m[K [01;31m[Kerror: [m[Kâ€˜[01m[KTemp[m[Kâ€™ is not a member of â€˜[01m[Kfpv_msgs::msg[m[Kâ€™
[2.505s]    16 |     auto sub = node->create_subscription<fpv_msgs::msg::[01;31m[KTemp[m[K>("/in",10, sub);
[2.505s]       |                                                         [01;31m[K^~~~[m[K
[2.507s] [01m[K/home/moonly/fpv_ros2_workspace/src/position_trans/src/Position_trans.cpp:16:57:[m[K [01;31m[Kerror: [m[Kâ€˜[01m[KTemp[m[Kâ€™ is not a member of â€˜[01m[Kfpv_msgs::msg[m[Kâ€™
[2.507s] [01m[K/home/moonly/fpv_ros2_workspace/src/position_trans/src/Position_trans.cpp:16:73:[m[K [01;31m[Kerror: [m[Kuse of â€˜[01m[Ksub[m[Kâ€™ before deduction of â€˜[01m[Kauto[m[Kâ€™
[2.507s]    16 |     auto sub = node->create_subscription<fpv_msgs::msg::Temp>("/in",10, [01;31m[Ksub[m[K);
[2.507s]       |                                                                         [01;31m[K^~~[m[K
[3.334s] make[2]: *** [CMakeFiles/position_trans.dir/build.make:63ï¼šCMakeFiles/position_trans.dir/src/Position_trans.cpp.o] é”™è¯¯ 1
[3.334s] make[1]: *** [CMakeFiles/Makefile2:78ï¼šCMakeFiles/position_trans.dir/all] é”™è¯¯ 2
[3.334s] make: *** [Makefile:141ï¼šall] é”™è¯¯ 2
[3.336s] Invoked command in '/home/moonly/fpv_ros2_workspace/build/position_trans' returned '2': CMAKE_PREFIX_PATH=${CMAKE_PREFIX_PATH}:/opt/ros/foxy _=/usr/bin/env /usr/bin/cmake --build /home/moonly/fpv_ros2_workspace/build/position_trans -- -j8 -l8
