In file included from [01m[K/home/moonly/fpv_ros2_workspace/src/manual_control/src/Manual_control.cpp:3[m[K:
[01m[K/home/moonly/fpv_ros2_workspace/src/manual_control/include/Manual_control.hpp:[m[K In function â€˜[01m[Kvoid msg_pub()[m[Kâ€™:
[01m[K/home/moonly/fpv_ros2_workspace/src/manual_control/include/Manual_control.hpp:221:1:[m[K [01;31m[Kerror: [m[Kexpected primary-expression before â€˜[01m[K}[m[Kâ€™ token
  221 | [01;31m[K}[m[K
      | [01;31m[K^[m[K
make[2]: *** [CMakeFiles/manual_control.dir/build.make:63ï¼šCMakeFiles/manual_control.dir/src/Manual_control.cpp.o] é”™è¯¯ 1
make[1]: *** [CMakeFiles/Makefile2:78ï¼šCMakeFiles/manual_control.dir/all] é”™è¯¯ 2
make: *** [Makefile:141ï¼šall] é”™è¯¯ 2
